4.5
3.5
4.5
4.0
4.5
4.5
4.0
4.5
4.0
3.5
4.0
4.0
4.0
4.0
4.0
4.0
4.0
4.5
4.5
4.0
4.0
4.5
4.0
4.0
4.0
4.0
4.0
4.0
4.0
3.5
4.0
4.5
4.0
4.0
4.0
4.0
4.0
4.0
4.0
3.5
4.5
4.0
4.0
4.0
4.0
4.0
4.0
4.0
4.0
4.0
4.5
4.0
4.0
3.5
4.0
4.0
4.0
4.5
4.0
4.0
4.0
4.5
4.0
4.0
4.0
4.0
4.0
3.5
4.5
4.0
4.0
4.0
4.0
4.5
4.0
4.0
4.0
4.0
4.0
4.0
4.0
4.0
4.5
4.0
4.0
4.0
4.0
3.5
4.0
4.0
4.0
4.5
4.0
3.5
4.0
4.0
4.2
4.0
4.0
4.0
4.0
4.0
4.0
4.0
4.0
4.0
3.0
3.5
4.5
4.0
4.0
4.0
4.0
4.0
4.0
4.5
4.0
4.0
4.5
4.0
4.0
4.0
4.0
4.5
3.5
4.0
4.0
3.5
4.0
4.0
3.5
4.0
4.5
4.5
4.0
4.0
4.0
4.0
4.0
4.0
4.0
4.0
4.0
4.0
4.0
4.0
4.5
4.0
4.0
4.0
4.0
4.0
4.0
3.5
4.0
4.0
3.5
4.0
3.5
4.0
4.0
3.5
4.5
4.0
4.0
4.5
4.0
4.0
4.0
4.0
4.0
4.0
4.5
3.5
4.5
4.0
4.0
4.0
4.0
3.0
I predict the user's rating for the movie "Starship Troopers: Bonus Material" to be 4.0.
4.0
3.5
4.5
4.0
4.5
4.0
4.0
4.5
4.0
3.0
4.0
4.0
4.0
4.5
3.5
4.0
4.0
4.5
4.0
4.0
4.0
4.0
3.5
4.0
4.0
4.0
4.0
4.0
3.0
